<?xml version="1.0" encoding="UTF-8"?>
<!-- Generated by org.testng.reporters.JUnitReportReporter -->
<testsuite skipped="0" hostname="BLT1222" name="TestNGdemo.Dependsongroup" tests="2" failures="0" timestamp="18 Feb 2020 05:30:49 GMT" time="0.017" errors="0">
  <testcase name="testcase2" time="0.015" classname="TestNGdemo.Dependsongroup"/>
  <testcase name="testcase3" time="0.002" classname="TestNGdemo.Dependsongroup"/>
</testsuite> <!-- TestNGdemo.Dependsongroup -->
