<?xml version="1.0" encoding="UTF-8"?>
<!-- Generated by org.testng.reporters.JUnitReportReporter -->
<testsuite skipped="0" hostname="BLT1222" name="TestNGdemo.HeadlessBrowser" tests="1" failures="0" timestamp="19 Feb 2020 03:59:56 GMT" time="3.807" errors="0">
  <testcase name="login" time="3.807" classname="TestNGdemo.HeadlessBrowser"/>
</testsuite> <!-- TestNGdemo.HeadlessBrowser -->
