<?xml version="1.0" encoding="UTF-8"?>
<!-- Generated by org.testng.reporters.JUnitReportReporter -->
<testsuite skipped="0" hostname="BLT1222" name="ScrollByVisiblityOfElement" tests="1" failures="0" timestamp="21 Feb 2020 06:09:06 GMT" time="9.993" errors="0">
  <testcase name="ByVisibleElement" time="9.993" classname="ScrollByVisiblityOfElement"/>
</testsuite> <!-- ScrollByVisiblityOfElement -->
