<?xml version="1.0" encoding="UTF-8"?>
<!-- Generated by org.testng.reporters.JUnitReportReporter -->
<testsuite skipped="0" hostname="BLT1222" name="TestNGdemo.ParallelTestcase" tests="3" failures="0" timestamp="17 Feb 2020 08:34:32 GMT" time="0.022" errors="0">
  <testcase name="testcase1" time="0.019" classname="TestNGdemo.ParallelTestcase"/>
  <testcase name="testcase3" time="0.002" classname="TestNGdemo.ParallelTestcase"/>
  <testcase name="testcase2" time="0.001" classname="TestNGdemo.ParallelTestcase"/>
</testsuite> <!-- TestNGdemo.ParallelTestcase -->
