<?xml version="1.0" encoding="UTF-8"?>
<!-- Generated by org.testng.reporters.JUnitReportReporter -->
<testsuite skipped="0" hostname="BLT1222" name="TestNGdemo.ParallelTestcase1" tests="3" failures="0" timestamp="17 Feb 2020 08:34:32 GMT" time="0.037" errors="0">
  <testcase name="testcase5" time="0.004" classname="TestNGdemo.ParallelTestcase1"/>
  <testcase name="testcase4" time="0.019" classname="TestNGdemo.ParallelTestcase1"/>
  <testcase name="testcase6" time="0.014" classname="TestNGdemo.ParallelTestcase1"/>
</testsuite> <!-- TestNGdemo.ParallelTestcase1 -->
