<?xml version="1.0" encoding="UTF-8"?>
<!-- Generated by org.testng.reporters.JUnitReportReporter -->
<testsuite skipped="0" hostname="BLT1222" name="FileUpload" tests="1" failures="0" timestamp="24 Feb 2020 09:43:37 GMT" time="18.415" errors="0">
  <testcase name="testcase" time="18.415" classname="FileUpload"/>
</testsuite> <!-- FileUpload -->
