<?xml version="1.0" encoding="UTF-8"?>
<!-- Generated by org.testng.reporters.JUnitReportReporter -->
<testsuite skipped="0" hostname="BLT1222" name="Seleniumdemo.Keyboard" tests="1" failures="0" timestamp="20 Feb 2020 04:30:38 GMT" time="9.930" errors="0">
  <testcase name="key" time="9.930" classname="Seleniumdemo.Keyboard"/>
</testsuite> <!-- Seleniumdemo.Keyboard -->
