<?xml version="1.0" encoding="UTF-8"?>
<!-- Generated by org.testng.reporters.JUnitReportReporter -->
<testsuite skipped="0" hostname="BLT1222" name="TestNGdemo.PriorityTestcase" tests="3" failures="0" timestamp="17 Feb 2020 08:16:33 GMT" time="0.031" errors="0">
  <testcase name="testcase2" time="0.027" classname="TestNGdemo.PriorityTestcase"/>
  <testcase name="testcase3" time="0.002" classname="TestNGdemo.PriorityTestcase"/>
  <testcase name="testcase1" time="0.002" classname="TestNGdemo.PriorityTestcase"/>
</testsuite> <!-- TestNGdemo.PriorityTestcase -->
