<?xml version="1.0" encoding="UTF-8"?>
<!-- Generated by org.testng.reporters.JUnitReportReporter -->
<testsuite skipped="0" hostname="BLT1222" name="TestNGdemo.NewTest" tests="3" failures="0" timestamp="17 Feb 2020 08:04:50 GMT" time="0.029" errors="0">
  <testcase name="testcase2" time="0.008" classname="TestNGdemo.NewTest"/>
  <testcase name="testcase3" time="0.007" classname="TestNGdemo.NewTest"/>
  <testcase name="testcase1" time="0.014" classname="TestNGdemo.NewTest"/>
</testsuite> <!-- TestNGdemo.NewTest -->
