<?xml version="1.0" encoding="UTF-8"?>
<!-- Generated by org.testng.reporters.JUnitReportReporter -->
<testsuite skipped="0" hostname="BLT1222" name="WindowHandling" tests="1" failures="0" timestamp="19 Feb 2020 12:05:18 GMT" time="15.737" errors="0">
  <testcase name="irctc" time="15.737" classname="WindowHandling"/>
</testsuite> <!-- WindowHandling -->
