<?xml version="1.0" encoding="UTF-8"?>
<!-- Generated by org.testng.reporters.JUnitReportReporter -->
<testsuite skipped="0" hostname="BLT1222" name="TestNGdemo.ExcelLogin" tests="1" failures="0" timestamp="18 Feb 2020 08:45:17 GMT" time="41.753" errors="0">
  <testcase name="excel" time="41.753" classname="TestNGdemo.ExcelLogin"/>
</testsuite> <!-- TestNGdemo.ExcelLogin -->
