<?xml version="1.0" encoding="UTF-8"?>
<!-- Generated by org.testng.reporters.JUnitReportReporter -->
<testsuite skipped="0" hostname="BLT1222" name="TestNGdemo.Sampletestcase" tests="3" failures="0" timestamp="17 Feb 2020 11:59:49 GMT" time="0.023" errors="0">
  <testcase name="testcase2" time="0.005" classname="TestNGdemo.Sampletestcase"/>
  <testcase name="testcase3" time="0.004" classname="TestNGdemo.Sampletestcase"/>
  <testcase name="testcase1" time="0.014" classname="TestNGdemo.Sampletestcase"/>
</testsuite> <!-- TestNGdemo.Sampletestcase -->
