<?xml version="1.0" encoding="UTF-8"?>
<!-- Generated by org.testng.reporters.JUnitReportReporter -->
<testsuite skipped="0" hostname="BLT1222" name="ScrollBar" tests="1" failures="0" timestamp="21 Feb 2020 05:57:42 GMT" time="9.531" errors="0">
  <testcase name="ByPixel" time="9.531" classname="ScrollBar"/>
</testsuite> <!-- ScrollBar -->
