<?xml version="1.0" encoding="UTF-8"?>
<!-- Generated by org.testng.reporters.JUnitReportReporter -->
<testsuite skipped="0" hostname="BLT1222" name="BasicDemo" tests="1" failures="0" timestamp="20 Feb 2020 06:34:55 GMT" time="19.362" errors="0">
  <testcase name="testcase" time="19.362" classname="BasicDemo"/>
</testsuite> <!-- BasicDemo -->
