<?xml version="1.0" encoding="UTF-8"?>
<!-- Generated by org.testng.reporters.JUnitReportReporter -->
<testsuite skipped="0" hostname="BLT1222" name="Com.testcase.Bmw_pagecase" tests="1" failures="0" timestamp="12 Mar 2020 06:32:14 GMT" time="22.778" errors="0">
  <testcase name="tc" time="22.778" classname="Com.testcase.Bmw_pagecase"/>
</testsuite> <!-- Com.testcase.Bmw_pagecase -->
