<?xml version="1.0" encoding="UTF-8"?>
<!-- Generated by org.testng.reporters.JUnitReportReporter -->
<testsuite skipped="0" hostname="BLT1222" name="Com.testcase.testcurrency" tests="1" failures="0" timestamp="11 Mar 2020 12:14:54 GMT" time="9.069" errors="0">
  <testcase name="test1" time="9.069" classname="Com.testcase.testcurrency"/>
</testsuite> <!-- Com.testcase.testcurrency -->
